<?xml version="1.0" encoding="UTF-8"?>
<!-- Generated by org.testng.reporters.JUnitXMLReporter -->
<testsuite hostname="ICPL10451" ignored="1" name="AIG_NYSE_Company" tests="2" failures="0" timestamp="25 Jan 2017 05:37:10 GMT" time="26.795" errors="0">
  <testcase name="SearchCompany" time="12.246" classname="pageTests.TestMethod"/>
  <testcase name="RetrieveCompanyData" time="0.424" classname="pageTests.TestMethod"/>
  <testcase name="compareEPS" time="0.0" classname="pageTests.TestMethod">
    <ignored/>
  </testcase> <!-- compareEPS -->
</testsuite> <!-- AIG_NYSE_Company -->
