<?xml version="1.0" encoding="UTF-8"?>
<!-- Generated by org.testng.reporters.JUnitXMLReporter -->
<testsuite hostname="ICPL10451" ignored="1" name="AXS_NYSE_Company" tests="2" failures="0" timestamp="25 Jan 2017 05:36:43 GMT" time="52.06" errors="0">
  <testcase name="SearchCompany" time="13.246" classname="pageTests.TestMethod"/>
  <testcase name="RetrieveCompanyData" time="0.412" classname="pageTests.TestMethod"/>
  <testcase name="compareEPS" time="0.0" classname="pageTests.TestMethod">
    <ignored/>
  </testcase> <!-- compareEPS -->
</testsuite> <!-- AXS_NYSE_Company -->
