<?xml version="1.0" encoding="UTF-8"?>
<!-- Generated by org.testng.reporters.JUnitXMLReporter -->
<testsuite hostname="ICPL10451" ignored="0" name="compareEPS" tests="1" failures="1" timestamp="29 Mar 2017 08:46:32 GMT" time="3.984" errors="0">
  <testcase name="feature" time="0.01" classname="api.testng.AbstractTestNGCucumberTests">
    <failure type="cucumber.runtime.CucumberException" message="java.lang.NullPointerException">
      <![CDATA[cucumber.runtime.CucumberException: java.lang.NullPointerException
	at api.testng.TestNGCucumberRunner.runCucumber(TestNGCucumberRunner.java:101)
	at api.testng.AbstractTestNGCucumberTests.feature(AbstractTestNGCucumberTests.java:23)
	at java.util.concurrent.FutureTask.run(FutureTask.java:262)
	at java.util.concurrent.ThreadPoolExecutor.runWorker(ThreadPoolExecutor.java:1145)
	at java.util.concurrent.ThreadPoolExecutor$Worker.run(ThreadPoolExecutor.java:615)
	at java.lang.Thread.run(Thread.java:745)
Caused by: java.lang.NullPointerException
	at pageTests.TestBaseProvider.getDriver(TestBaseProvider.java:14)
	at pageTests.TestMethod.openWebsite(TestMethod.java:71)
	at desktop.HomePageStepDef.Starts_WSJ_session(HomePageStepDef.java:12)
	at ✽.Given user starts WSJ session(src/test/resources/feature/compareEPS.feature:3)
... Removed 16 stack frames]]>
    </failure>
  </testcase> <!-- feature -->
</testsuite> <!-- compareEPS -->
