<?xml version="1.0" encoding="UTF-8"?>
<!-- Generated by org.testng.reporters.JUnitXMLReporter -->
<testsuite hostname="ICPL10451" ignored="2" name="CompareEPS_AXS_vs_AIG" tests="1" failures="0" timestamp="25 Jan 2017 05:37:21 GMT" time="11.68" errors="0">
  <testcase name="compareEPS" time="0.008" classname="pageTests.TestMethod"/>
  <testcase name="SearchCompany" time="0.0" classname="pageTests.TestMethod">
    <ignored/>
  </testcase> <!-- SearchCompany -->
  <testcase name="RetrieveCompanyData" time="0.0" classname="pageTests.TestMethod">
    <ignored/>
  </testcase> <!-- RetrieveCompanyData -->
</testsuite> <!-- CompareEPS_AXS_vs_AIG -->
