<?xml version="1.0" encoding="UTF-8"?>
<!-- Generated by org.testng.reporters.JUnitXMLReporter -->
<testsuite hostname="ICPL10451" ignored="0" name="searchcmp" tests="1" failures="1" timestamp="29 Mar 2017 05:19:43 GMT" time="0.855" errors="0">
  <testcase name="feature" time="0.199" classname="api.testng.AbstractTestNGCucumberTests">
    <failure type="cucumber.runtime.CucumberException" message="java.lang.NullPointerException">
      <![CDATA[cucumber.runtime.CucumberException: java.lang.NullPointerException
	at api.testng.TestNGCucumberRunner.runCucumber(TestNGCucumberRunner.java:101)
	at api.testng.AbstractTestNGCucumberTests.feature(AbstractTestNGCucumberTests.java:23)
	at java.util.concurrent.FutureTask.run(FutureTask.java:262)
	at java.util.concurrent.ThreadPoolExecutor.runWorker(ThreadPoolExecutor.java:1145)
	at java.util.concurrent.ThreadPoolExecutor$Worker.run(ThreadPoolExecutor.java:615)
	at java.lang.Thread.run(Thread.java:745)
Caused by: java.lang.NullPointerException
	at testbase.TestBaseClass.getDriver(TestBaseClass.java:64)
	at testbase.TestBaseClass.openWebsite(TestBaseClass.java:73)
	at desktop.HomePageStepDef.Starts_WSJ_session(HomePageStepDef.java:13)
	at ✽.Given user starts WSJ session(src/test/resources/feature/searchcmp.feature:3)
... Removed 16 stack frames]]>
    </failure>
  </testcase> <!-- feature -->
</testsuite> <!-- searchcmp -->
