<?xml version="1.0" encoding="UTF-8"?>
<!-- Generated by org.testng.reporters.JUnitXMLReporter -->
<testsuite hostname="ICPL10451" ignored="1" name="AIG_NYSE_Company" tests="2" failures="0" timestamp="25 Jan 2017 05:32:41 GMT" time="60.998" errors="0">
  <testcase name="SearchCompany" time="32.671" classname="pageTests.TestMethod"/>
  <testcase name="RetrieveCompanyData" time="0.568" classname="pageTests.TestMethod"/>
  <testcase name="compareEPS" time="0.0" classname="pageTests.TestMethod">
    <ignored/>
  </testcase> <!-- compareEPS -->
</testsuite> <!-- AIG_NYSE_Company -->
