<?xml version="1.0" encoding="UTF-8"?>
<testng-results skipped="0" failed="3" ignored="0" total="3" passed="0">
  <reporter-output>
  </reporter-output>
  <suite name="Suite" duration-ms="906" started-at="2017-03-29T05:19:42Z" finished-at="2017-03-29T05:19:43Z">
    <groups>
      <group name="cucumber">
        <method signature="AbstractTestNGCucumberTests.feature(api.testng.CucumberFeatureWrapper)[pri:0, instance:runner.RunCukesTest@1ba22e94]" name="feature" class="api.testng.AbstractTestNGCucumberTests"/>
        <method signature="AbstractTestNGCucumberTests.feature(api.testng.CucumberFeatureWrapper)[pri:0, instance:runner.RunCukesTest@4d25c934]" name="feature" class="api.testng.AbstractTestNGCucumberTests"/>
        <method signature="AbstractTestNGCucumberTests.feature(api.testng.CucumberFeatureWrapper)[pri:0, instance:runner.RunCukesTest@3721bae0]" name="feature" class="api.testng.AbstractTestNGCucumberTests"/>
      </group> <!-- cucumber -->
    </groups>
    <test name="compareEPS" duration-ms="854" started-at="2017-03-29T05:19:42Z" finished-at="2017-03-29T05:19:43Z">
      <class name="runner.RunCukesTest">
        <test-method status="PASS" signature="setUpClass(org.testng.ITestContext)[pri:0, instance:runner.RunCukesTest@3721bae0]" name="setUpClass" is-config="true" duration-ms="513" started-at="2017-03-29T10:49:42Z" finished-at="2017-03-29T10:49:42Z">
          <params>
            <param index="0">
              <value>
                <![CDATA[org.testng.TestRunner@2ad853a5]]>
              </value>
            </param>
          </params>
          <reporter-output>
          </reporter-output>
        </test-method> <!-- setUpClass -->
        <test-method status="FAIL" signature="feature(api.testng.CucumberFeatureWrapper)[pri:0, instance:runner.RunCukesTest@3721bae0]" name="feature" duration-ms="216" started-at="2017-03-29T10:49:43Z" description="Runs Cucumber Feature" data-provider="features" finished-at="2017-03-29T10:49:43Z">
          <params>
            <param index="0">
              <value>
                <![CDATA[compare EPS prices]]>
              </value>
            </param>
          </params>
          <exception class="cucumber.runtime.CucumberException">
            <message>
              <![CDATA[java.lang.NullPointerException]]>
            </message>
            <full-stacktrace>
              <![CDATA[cucumber.runtime.CucumberException: java.lang.NullPointerException
	at api.testng.TestNGCucumberRunner.runCucumber(TestNGCucumberRunner.java:101)
	at api.testng.AbstractTestNGCucumberTests.feature(AbstractTestNGCucumberTests.java:23)
	at sun.reflect.NativeMethodAccessorImpl.invoke0(Native Method)
	at sun.reflect.NativeMethodAccessorImpl.invoke(NativeMethodAccessorImpl.java:57)
	at sun.reflect.DelegatingMethodAccessorImpl.invoke(DelegatingMethodAccessorImpl.java:43)
	at java.lang.reflect.Method.invoke(Method.java:606)
	at org.testng.internal.MethodInvocationHelper.invokeMethod(MethodInvocationHelper.java:104)
	at org.testng.internal.Invoker.invokeMethod(Invoker.java:645)
	at org.testng.internal.Invoker.invokeTestMethod(Invoker.java:851)
	at org.testng.internal.Invoker.invokeTestMethods(Invoker.java:1177)
	at org.testng.internal.TestMethodWorker.invokeTestMethods(TestMethodWorker.java:129)
	at org.testng.internal.TestMethodWorker.run(TestMethodWorker.java:112)
	at org.testng.TestRunner.privateRun(TestRunner.java:756)
	at org.testng.TestRunner.run(TestRunner.java:610)
	at org.testng.SuiteRunner.runTest(SuiteRunner.java:387)
	at org.testng.SuiteRunner.access$000(SuiteRunner.java:39)
	at org.testng.SuiteRunner$SuiteWorker.run(SuiteRunner.java:421)
	at org.testng.internal.thread.ThreadUtil$2.call(ThreadUtil.java:64)
	at java.util.concurrent.FutureTask.run(FutureTask.java:262)
	at java.util.concurrent.ThreadPoolExecutor.runWorker(ThreadPoolExecutor.java:1145)
	at java.util.concurrent.ThreadPoolExecutor$Worker.run(ThreadPoolExecutor.java:615)
	at java.lang.Thread.run(Thread.java:745)
Caused by: java.lang.NullPointerException
	at testbase.TestBaseClass.getDriver(TestBaseClass.java:64)
	at testbase.TestBaseClass.openWebsite(TestBaseClass.java:73)
	at desktop.HomePageStepDef.Starts_WSJ_session(HomePageStepDef.java:13)
	at ✽.Given user starts WSJ session(src/test/resources/feature/compareEPS.feature:3)
]]>
            </full-stacktrace>
          </exception> <!-- cucumber.runtime.CucumberException -->
          <reporter-output>
          </reporter-output>
        </test-method> <!-- feature -->
        <test-method status="PASS" signature="tearDownClass()[pri:0, instance:runner.RunCukesTest@3721bae0]" name="tearDownClass" is-config="true" duration-ms="21" started-at="2017-03-29T10:49:43Z" finished-at="2017-03-29T10:49:43Z">
          <reporter-output>
          </reporter-output>
        </test-method> <!-- tearDownClass -->
      </class> <!-- runner.RunCukesTest -->
    </test> <!-- compareEPS -->
    <test name="searchcmp" duration-ms="855" started-at="2017-03-29T05:19:42Z" finished-at="2017-03-29T05:19:43Z">
      <class name="runner.RunCukesTest">
        <test-method status="PASS" signature="setUpClass(org.testng.ITestContext)[pri:0, instance:runner.RunCukesTest@4d25c934]" name="setUpClass" is-config="true" duration-ms="510" started-at="2017-03-29T10:49:42Z" finished-at="2017-03-29T10:49:42Z">
          <params>
            <param index="0">
              <value>
                <![CDATA[org.testng.TestRunner@f3d2424]]>
              </value>
            </param>
          </params>
          <reporter-output>
          </reporter-output>
        </test-method> <!-- setUpClass -->
        <test-method status="FAIL" signature="feature(api.testng.CucumberFeatureWrapper)[pri:0, instance:runner.RunCukesTest@4d25c934]" name="feature" duration-ms="199" started-at="2017-03-29T10:49:43Z" description="Runs Cucumber Feature" data-provider="features" finished-at="2017-03-29T10:49:43Z">
          <params>
            <param index="0">
              <value>
                <![CDATA[search AIG company]]>
              </value>
            </param>
          </params>
          <exception class="cucumber.runtime.CucumberException">
            <message>
              <![CDATA[java.lang.NullPointerException]]>
            </message>
            <full-stacktrace>
              <![CDATA[cucumber.runtime.CucumberException: java.lang.NullPointerException
	at api.testng.TestNGCucumberRunner.runCucumber(TestNGCucumberRunner.java:101)
	at api.testng.AbstractTestNGCucumberTests.feature(AbstractTestNGCucumberTests.java:23)
	at sun.reflect.NativeMethodAccessorImpl.invoke0(Native Method)
	at sun.reflect.NativeMethodAccessorImpl.invoke(NativeMethodAccessorImpl.java:57)
	at sun.reflect.DelegatingMethodAccessorImpl.invoke(DelegatingMethodAccessorImpl.java:43)
	at java.lang.reflect.Method.invoke(Method.java:606)
	at org.testng.internal.MethodInvocationHelper.invokeMethod(MethodInvocationHelper.java:104)
	at org.testng.internal.Invoker.invokeMethod(Invoker.java:645)
	at org.testng.internal.Invoker.invokeTestMethod(Invoker.java:851)
	at org.testng.internal.Invoker.invokeTestMethods(Invoker.java:1177)
	at org.testng.internal.TestMethodWorker.invokeTestMethods(TestMethodWorker.java:129)
	at org.testng.internal.TestMethodWorker.run(TestMethodWorker.java:112)
	at org.testng.TestRunner.privateRun(TestRunner.java:756)
	at org.testng.TestRunner.run(TestRunner.java:610)
	at org.testng.SuiteRunner.runTest(SuiteRunner.java:387)
	at org.testng.SuiteRunner.access$000(SuiteRunner.java:39)
	at org.testng.SuiteRunner$SuiteWorker.run(SuiteRunner.java:421)
	at org.testng.internal.thread.ThreadUtil$2.call(ThreadUtil.java:64)
	at java.util.concurrent.FutureTask.run(FutureTask.java:262)
	at java.util.concurrent.ThreadPoolExecutor.runWorker(ThreadPoolExecutor.java:1145)
	at java.util.concurrent.ThreadPoolExecutor$Worker.run(ThreadPoolExecutor.java:615)
	at java.lang.Thread.run(Thread.java:745)
Caused by: java.lang.NullPointerException
	at testbase.TestBaseClass.getDriver(TestBaseClass.java:64)
	at testbase.TestBaseClass.openWebsite(TestBaseClass.java:73)
	at desktop.HomePageStepDef.Starts_WSJ_session(HomePageStepDef.java:13)
	at ✽.Given user starts WSJ session(src/test/resources/feature/searchcmp.feature:3)
]]>
            </full-stacktrace>
          </exception> <!-- cucumber.runtime.CucumberException -->
          <reporter-output>
          </reporter-output>
        </test-method> <!-- feature -->
        <test-method status="PASS" signature="tearDownClass()[pri:0, instance:runner.RunCukesTest@4d25c934]" name="tearDownClass" is-config="true" duration-ms="19" started-at="2017-03-29T10:49:43Z" finished-at="2017-03-29T10:49:43Z">
          <reporter-output>
          </reporter-output>
        </test-method> <!-- tearDownClass -->
      </class> <!-- runner.RunCukesTest -->
    </test> <!-- searchcmp -->
    <test name="retrieveData" duration-ms="906" started-at="2017-03-29T05:19:42Z" finished-at="2017-03-29T05:19:43Z">
      <class name="runner.RunCukesTest">
        <test-method status="PASS" signature="setUpClass(org.testng.ITestContext)[pri:0, instance:runner.RunCukesTest@1ba22e94]" name="setUpClass" is-config="true" duration-ms="507" started-at="2017-03-29T10:49:42Z" finished-at="2017-03-29T10:49:42Z">
          <params>
            <param index="0">
              <value>
                <![CDATA[org.testng.TestRunner@770fbf4c]]>
              </value>
            </param>
          </params>
          <reporter-output>
          </reporter-output>
        </test-method> <!-- setUpClass -->
        <test-method status="FAIL" signature="feature(api.testng.CucumberFeatureWrapper)[pri:0, instance:runner.RunCukesTest@1ba22e94]" name="feature" duration-ms="221" started-at="2017-03-29T10:49:43Z" description="Runs Cucumber Feature" data-provider="features" finished-at="2017-03-29T10:49:43Z">
          <params>
            <param index="0">
              <value>
                <![CDATA[search AXS company]]>
              </value>
            </param>
          </params>
          <exception class="cucumber.runtime.CucumberException">
            <message>
              <![CDATA[java.lang.NullPointerException]]>
            </message>
            <full-stacktrace>
              <![CDATA[cucumber.runtime.CucumberException: java.lang.NullPointerException
	at api.testng.TestNGCucumberRunner.runCucumber(TestNGCucumberRunner.java:101)
	at api.testng.AbstractTestNGCucumberTests.feature(AbstractTestNGCucumberTests.java:23)
	at sun.reflect.NativeMethodAccessorImpl.invoke0(Native Method)
	at sun.reflect.NativeMethodAccessorImpl.invoke(NativeMethodAccessorImpl.java:57)
	at sun.reflect.DelegatingMethodAccessorImpl.invoke(DelegatingMethodAccessorImpl.java:43)
	at java.lang.reflect.Method.invoke(Method.java:606)
	at org.testng.internal.MethodInvocationHelper.invokeMethod(MethodInvocationHelper.java:104)
	at org.testng.internal.Invoker.invokeMethod(Invoker.java:645)
	at org.testng.internal.Invoker.invokeTestMethod(Invoker.java:851)
	at org.testng.internal.Invoker.invokeTestMethods(Invoker.java:1177)
	at org.testng.internal.TestMethodWorker.invokeTestMethods(TestMethodWorker.java:129)
	at org.testng.internal.TestMethodWorker.run(TestMethodWorker.java:112)
	at org.testng.TestRunner.privateRun(TestRunner.java:756)
	at org.testng.TestRunner.run(TestRunner.java:610)
	at org.testng.SuiteRunner.runTest(SuiteRunner.java:387)
	at org.testng.SuiteRunner.access$000(SuiteRunner.java:39)
	at org.testng.SuiteRunner$SuiteWorker.run(SuiteRunner.java:421)
	at org.testng.internal.thread.ThreadUtil$2.call(ThreadUtil.java:64)
	at java.util.concurrent.FutureTask.run(FutureTask.java:262)
	at java.util.concurrent.ThreadPoolExecutor.runWorker(ThreadPoolExecutor.java:1145)
	at java.util.concurrent.ThreadPoolExecutor$Worker.run(ThreadPoolExecutor.java:615)
	at java.lang.Thread.run(Thread.java:745)
Caused by: java.lang.NullPointerException
	at testbase.TestBaseClass.getDriver(TestBaseClass.java:64)
	at testbase.TestBaseClass.openWebsite(TestBaseClass.java:73)
	at desktop.HomePageStepDef.Starts_WSJ_session(HomePageStepDef.java:13)
	at ✽.Given user starts WSJ session(src/test/resources/feature/retrieveData.feature:3)
]]>
            </full-stacktrace>
          </exception> <!-- cucumber.runtime.CucumberException -->
          <reporter-output>
          </reporter-output>
        </test-method> <!-- feature -->
        <test-method status="PASS" signature="tearDownClass()[pri:0, instance:runner.RunCukesTest@1ba22e94]" name="tearDownClass" is-config="true" duration-ms="70" started-at="2017-03-29T10:49:43Z" finished-at="2017-03-29T10:49:43Z">
          <reporter-output>
          </reporter-output>
        </test-method> <!-- tearDownClass -->
      </class> <!-- runner.RunCukesTest -->
    </test> <!-- retrieveData -->
  </suite> <!-- Suite -->
</testng-results>
